Base path: C:/Program Files/Unity/Editor/Data
Pipe name: \\.\pipe\UnityShaderCompiler-32bit-1-8148
Cmd: getPlatforms
Cmd: preprocess
  insize=1850 outsize=959 ok=1
Cmd: compileSnippet
  api=4 type=0 insize=1190 outsize=1274 kw= ok=1
Cmd: compileSnippet
  api=4 type=1 insize=1190 outsize=1071 kw= ok=1
Cmd: preprocess
  insize=2223 outsize=970 ok=1
Cmd: compileSnippet
  api=4 type=0 insize=1552 outsize=1388 kw= ok=1
Cmd: compileSnippet
  api=4 type=1 insize=1552 outsize=1396 kw= ok=1
Cmd: preprocess
  insize=2255 outsize=971 ok=1
Cmd: compileSnippet
  api=4 type=0 insize=1583 outsize=1388 kw= ok=1
Cmd: compileSnippet
  api=4 type=1 insize=1583 outsize=1396 kw= ok=1
